Traceback (most recent call last):
  File "/home/cmaier/EDA/PUDDING/tb/testbench.py", line 10, in <module>
    from cocotb.runner import get_runner
ModuleNotFoundError: No module named 'cocotb.runner'
make: *** [Makefile:31: sim] Error 1
