<testsuites name="results">
  <testsuite name="all" package="all">
    <property name="random_seed" value="1771897667" />
    <testcase name="heichips25_pudding_smoke_and_random" classname="testbench" file="/home/cmaier/EDA/PUDDING/tb/testbench.py" lineno="53" time="0.5745680332183838" sim_time_ns="6550.0" ratio_time="11399.86845998175">
      <failure error_type="AssertionError" error_msg="Test failed with 381 mismatches&#10;assert 381 == 0" />
    </testcase>
  </testsuite>
</testsuites>
